<?xml version="1.0" encoding="UTF-8"?>
<!-- Generated by org.testng.reporters.JUnitReportReporter -->
<testsuite hostname="Rubz" failures="0" tests="3" name="ATBAutomation.TestCases.StandAloneTest" time="60.103" errors="0" timestamp="2024-02-28T07:06:35 MST" skipped="0">
  <testcase classname="ATBAutomation.TestCases.StandAloneTest" name="orderHistoryTest" time="8.894"/>
  <testcase classname="ATBAutomation.TestCases.StandAloneTest" name="StandAlone" time="27.201"/>
  <testcase classname="ATBAutomation.TestCases.StandAloneTest" name="StandAlone" time="24.008"/>
</testsuite> <!-- ATBAutomation.TestCases.StandAloneTest -->
